[NX v20.6.0 Daemon Server] - 2025-03-17T10:14:39.695Z - Started listening on: /var/folders/2s/j11svjw13q90f9tt921ft33w0000gn/T/a20d404f6809f3ef0443/d.sock
[NX v20.6.0 Daemon Server] - 2025-03-17T10:14:39.696Z - [WATCHER]: Subscribed to changes within: /Users/micheleabbrescia/Desktop/monorepo (native)
[NX v20.6.0 Daemon Server] - 2025-03-17T10:14:39.706Z - Established a connection. Number of open connections: 1
[NX v20.6.0 Daemon Server] - 2025-03-17T10:14:39.707Z - Closed a connection. Number of open connections: 0
[NX v20.6.0 Daemon Server] - 2025-03-17T10:14:39.707Z - Established a connection. Number of open connections: 1
[NX v20.6.0 Daemon Server] - 2025-03-17T10:14:39.708Z - [REQUEST]: Client Request for Project Graph Received
[NX v20.6.0 Daemon Server] - 2025-03-17T10:14:39.711Z - [REQUEST]: Updated workspace context based on watched changes, recomputing project graph...
[NX v20.6.0 Daemon Server] - 2025-03-17T10:14:39.711Z - [REQUEST]: 
[NX v20.6.0 Daemon Server] - 2025-03-17T10:14:39.712Z - [REQUEST]: 
[NX v20.6.0 Daemon Server] - 2025-03-17T10:14:39.836Z - [SYNC]: collect registered sync generators
[NX v20.6.0 Daemon Server] - 2025-03-17T10:14:39.836Z - [REQUEST]: Responding to the client. project-graph
[NX v20.6.0 Daemon Server] - 2025-03-17T10:14:39.837Z - Time taken for 'total for creating and serializing project graph' 128.837458ms
[NX v20.6.0 Daemon Server] - 2025-03-17T10:14:39.837Z - [WATCHER]: Processing file changes in outputs
[NX v20.6.0 Daemon Server] - 2025-03-17T10:14:39.838Z - Done responding to the client project-graph
[NX v20.6.0 Daemon Server] - 2025-03-17T10:14:39.838Z - Handled REQUEST_PROJECT_GRAPH. Handling time: 128. Response time: 2.
[NX v20.6.0 Daemon Server] - 2025-03-17T10:14:39.841Z - [REQUEST]: Responding to the client. handleContextFileData
[NX v20.6.0 Daemon Server] - 2025-03-17T10:14:39.841Z - Done responding to the client handleContextFileData
[NX v20.6.0 Daemon Server] - 2025-03-17T10:14:39.841Z - Handled GET_CONTEXT_FILE_DATA. Handling time: 1. Response time: 0.
[NX v20.6.0 Daemon Server] - 2025-03-17T10:14:55.996Z - [WATCHER]: 2 file(s) created or restored, 0 file(s) modified, 1 file(s) deleted
[NX v20.6.0 Daemon Server] - 2025-03-17T10:14:55.996Z - [WATCHER]: Processing file changes in outputs
[NX v20.6.0 Daemon Server] - 2025-03-17T10:14:56.068Z - [WATCHER]: 1 file(s) created or restored, 1 file(s) modified, 0 file(s) deleted
[NX v20.6.0 Daemon Server] - 2025-03-17T10:14:56.068Z - [WATCHER]: Processing file changes in outputs
[NX v20.6.0 Daemon Server] - 2025-03-17T10:14:56.097Z - [REQUEST]: Updated workspace context based on watched changes, recomputing project graph...
[NX v20.6.0 Daemon Server] - 2025-03-17T10:14:56.097Z - [REQUEST]: packages/abbele/package.json,packages/abbele/CHANGELOG.md,CHANGELOG.md,lerna.json
[NX v20.6.0 Daemon Server] - 2025-03-17T10:14:56.097Z - [REQUEST]: packages/abbele/package.json.338908532
[NX v20.6.0 Daemon Server] - 2025-03-17T10:14:56.110Z - [SYNC]: collect registered sync generators
[NX v20.6.0 Daemon Server] - 2025-03-17T10:14:56.111Z - [SYNC]: project graph hash is the same, not collecting task sync generators
[NX v20.6.0 Daemon Server] - 2025-03-17T10:14:56.111Z - [SYNC]: nx.json hash is the same, not collecting global sync generators
[NX v20.6.0 Daemon Server] - 2025-03-17T10:14:56.111Z - Time taken for 'hash changed files from watcher' 0.24508300000161398ms
[NX v20.6.0 Daemon Server] - 2025-03-17T10:14:56.225Z - [WATCHER]: _tmp_25980_ea0c164d09816f9faa8f35362f9d1907 was deleted
[NX v20.6.0 Daemon Server] - 2025-03-17T10:14:56.225Z - [WATCHER]: Processing file changes in outputs
[NX v20.6.0 Daemon Server] - 2025-03-17T10:14:56.334Z - [WATCHER]: Processing file changes in outputs
[NX v20.6.0 Daemon Server] - 2025-03-17T10:14:56.335Z - [WATCHER]: 1 file(s) created or restored, 1 file(s) modified, 1 file(s) deleted
[NX v20.6.0 Daemon Server] - 2025-03-17T10:14:56.397Z - [WATCHER]: 1 file(s) created or restored, 2 file(s) modified, 0 file(s) deleted
[NX v20.6.0 Daemon Server] - 2025-03-17T10:14:56.398Z - [WATCHER]: Processing file changes in outputs
[NX v20.6.0 Daemon Server] - 2025-03-17T10:14:56.425Z - [REQUEST]: Updated workspace context based on watched changes, recomputing project graph...
[NX v20.6.0 Daemon Server] - 2025-03-17T10:14:56.425Z - [REQUEST]: pnpm-lock.yaml,packages/abbele/package.json,CHANGELOG.md,packages/abbele/CHANGELOG.md,lerna.json
[NX v20.6.0 Daemon Server] - 2025-03-17T10:14:56.425Z - [REQUEST]: _tmp_25980_ea0c164d09816f9faa8f35362f9d1907,pnpm-lock.yaml.4063550698
[NX v20.6.0 Daemon Server] - 2025-03-17T10:14:56.437Z - [SYNC]: collect registered sync generators
[NX v20.6.0 Daemon Server] - 2025-03-17T10:14:56.438Z - [SYNC]: project graph hash is the same, not collecting task sync generators
[NX v20.6.0 Daemon Server] - 2025-03-17T10:14:56.438Z - [SYNC]: nx.json hash is the same, not collecting global sync generators
[NX v20.6.0 Daemon Server] - 2025-03-17T10:14:56.438Z - Time taken for 'hash changed files from watcher' 0.2779999999984284ms
[NX v20.6.0 Daemon Server] - 2025-03-17T10:14:56.960Z - [WATCHER]: Processing file changes in outputs
[NX v20.6.0 Daemon Server] - 2025-03-17T10:14:56.960Z - Closed a connection. Number of open connections: 0
[NX v20.6.0 Daemon Server] - 2025-03-17T10:14:56.960Z - [WATCHER]: Stopping the watcher for /Users/micheleabbrescia/Desktop/monorepo (sources)
[NX v20.6.0 Daemon Server] - 2025-03-17T10:14:56.960Z - [WATCHER]: Stopping the watcher for /Users/micheleabbrescia/Desktop/monorepo (outputs)
[NX v20.6.0 Daemon Server] - 2025-03-17T10:14:56.960Z - Server stopped because: "LOCK_FILES_CHANGED"
